ERROR - 2024-08-08 21:34:13 --> mysqli_sql_exception: Unknown column 'password' in 'field list' in C:\xampp\htdocs\primer_proyecto\system\Database\MySQLi\Connection.php:306
Stack trace:
#0 C:\xampp\htdocs\primer_proyecto\system\Database\MySQLi\Connection.php(306): mysqli->query('INSERT INTO `us...', 0)
#1 C:\xampp\htdocs\primer_proyecto\system\Database\BaseConnection.php(692): CodeIgniter\Database\MySQLi\Connection->execute('INSERT INTO `us...')
#2 C:\xampp\htdocs\primer_proyecto\system\Database\BaseConnection.php(606): CodeIgniter\Database\BaseConnection->simpleQuery('INSERT INTO `us...')
#3 C:\xampp\htdocs\primer_proyecto\system\Database\BaseBuilder.php(2309): CodeIgniter\Database\BaseConnection->query('INSERT INTO `us...', Array, false)
#4 C:\xampp\htdocs\primer_proyecto\system\Model.php(319): CodeIgniter\Database\BaseBuilder->insert()
#5 C:\xampp\htdocs\primer_proyecto\system\BaseModel.php(788): CodeIgniter\Model->doInsert(Array)
#6 C:\xampp\htdocs\primer_proyecto\system\Model.php(715): CodeIgniter\BaseModel->insert(Array, false)
#7 C:\xampp\htdocs\primer_proyecto\system\BaseModel.php(698): CodeIgniter\Model->insert(Array, false)
#8 C:\xampp\htdocs\primer_proyecto\app\Controllers\usuario_controller.php(44): CodeIgniter\BaseModel->save(Array)
#9 C:\xampp\htdocs\primer_proyecto\system\CodeIgniter.php(915): App\Controllers\usuario_controller->formValidation()
#10 C:\xampp\htdocs\primer_proyecto\system\CodeIgniter.php(492): CodeIgniter\CodeIgniter->runController(Object(App\Controllers\usuario_controller))
#11 C:\xampp\htdocs\primer_proyecto\system\CodeIgniter.php(353): CodeIgniter\CodeIgniter->handleRequest(NULL, Object(Config\Cache), false)
#12 C:\xampp\htdocs\primer_proyecto\index.php(79): CodeIgniter\CodeIgniter->run()
#13 {main}
CRITICAL - 2024-08-08 21:34:13 --> Unknown column 'password' in 'field list'
in SYSTEMPATH\Database\BaseConnection.php on line 646.
 1 SYSTEMPATH\Database\BaseBuilder.php(2309): CodeIgniter\Database\BaseConnection->query('INSERT INTO `usuarios` (`nombre`, `apellido`, `usuario`, `email`, `password`) VALUES (:nombre:, :apellido:, :usuario:, :email:, :password:)', [...], false)
 2 SYSTEMPATH\Model.php(319): CodeIgniter\Database\BaseBuilder->insert()
 3 SYSTEMPATH\BaseModel.php(788): CodeIgniter\Model->doInsert([...])
 4 SYSTEMPATH\Model.php(715): CodeIgniter\BaseModel->insert([...], false)
 5 SYSTEMPATH\BaseModel.php(698): CodeIgniter\Model->insert([...], false)
 6 APPPATH\Controllers\usuario_controller.php(44): CodeIgniter\BaseModel->save([...])
 7 SYSTEMPATH\CodeIgniter.php(915): App\Controllers\usuario_controller->formValidation()
 8 SYSTEMPATH\CodeIgniter.php(492): CodeIgniter\CodeIgniter->runController(Object(App\Controllers\usuario_controller))
 9 SYSTEMPATH\CodeIgniter.php(353): CodeIgniter\CodeIgniter->handleRequest(null, Object(Config\Cache), false)
10 FCPATH\index.php(79): CodeIgniter\CodeIgniter->run()
CRITICAL - 2024-08-08 21:42:51 --> Invalid file: "front/nav_view.php"
in SYSTEMPATH\Exceptions\FrameworkException.php on line 39.
 1 SYSTEMPATH\View\View.php(214): CodeIgniter\Exceptions\FrameworkException::forInvalidFile('front/nav_view.php')
 2 SYSTEMPATH\Common.php(1178): CodeIgniter\View\View->render('front/nav_view', [], true)
 3 APPPATH\Controllers\usuario_controller.php(34): view('front/nav_view')
 4 SYSTEMPATH\CodeIgniter.php(915): App\Controllers\usuario_controller->formValidation()
 5 SYSTEMPATH\CodeIgniter.php(492): CodeIgniter\CodeIgniter->runController(Object(App\Controllers\usuario_controller))
 6 SYSTEMPATH\CodeIgniter.php(353): CodeIgniter\CodeIgniter->handleRequest(null, Object(Config\Cache), false)
 7 FCPATH\index.php(79): CodeIgniter\CodeIgniter->run()
CRITICAL - 2024-08-08 21:43:13 --> Invalid file: "front/nav_view.php"
in SYSTEMPATH\Exceptions\FrameworkException.php on line 39.
 1 SYSTEMPATH\View\View.php(214): CodeIgniter\Exceptions\FrameworkException::forInvalidFile('front/nav_view.php')
 2 SYSTEMPATH\Common.php(1178): CodeIgniter\View\View->render('front/nav_view', [], true)
 3 APPPATH\Controllers\usuario_controller.php(34): view('front/nav_view')
 4 SYSTEMPATH\CodeIgniter.php(915): App\Controllers\usuario_controller->formValidation()
 5 SYSTEMPATH\CodeIgniter.php(492): CodeIgniter\CodeIgniter->runController(Object(App\Controllers\usuario_controller))
 6 SYSTEMPATH\CodeIgniter.php(353): CodeIgniter\CodeIgniter->handleRequest(null, Object(Config\Cache), false)
 7 FCPATH\index.php(79): CodeIgniter\CodeIgniter->run()
