CRITICAL - 2024-08-09 20:29:57 --> Class 'App\Models\Usuarios_model' not found
in APPPATH\Controllers\login_controller.php on line 22.
 1 SYSTEMPATH\CodeIgniter.php(915): App\Controllers\Login_controller->auth()
 2 SYSTEMPATH\CodeIgniter.php(492): CodeIgniter\CodeIgniter->runController(Object(App\Controllers\Login_controller))
 3 SYSTEMPATH\CodeIgniter.php(353): CodeIgniter\CodeIgniter->handleRequest(null, Object(Config\Cache), false)
 4 FCPATH\index.php(79): CodeIgniter\CodeIgniter->run()
CRITICAL - 2024-08-09 20:33:04 --> Class 'App\Models\Usuarios_model' not found
in APPPATH\Controllers\login_controller.php on line 22.
 1 SYSTEMPATH\CodeIgniter.php(915): App\Controllers\Login_controller->auth()
 2 SYSTEMPATH\CodeIgniter.php(492): CodeIgniter\CodeIgniter->runController(Object(App\Controllers\Login_controller))
 3 SYSTEMPATH\CodeIgniter.php(353): CodeIgniter\CodeIgniter->handleRequest(null, Object(Config\Cache), false)
 4 FCPATH\index.php(79): CodeIgniter\CodeIgniter->run()
CRITICAL - 2024-08-09 20:34:23 --> Class 'App\Controllers\usuario_model' not found
in APPPATH\Controllers\login_controller.php on line 22.
 1 SYSTEMPATH\CodeIgniter.php(915): App\Controllers\Login_controller->auth()
 2 SYSTEMPATH\CodeIgniter.php(492): CodeIgniter\CodeIgniter->runController(Object(App\Controllers\Login_controller))
 3 SYSTEMPATH\CodeIgniter.php(353): CodeIgniter\CodeIgniter->handleRequest(null, Object(Config\Cache), false)
 4 FCPATH\index.php(79): CodeIgniter\CodeIgniter->run()
CRITICAL - 2024-08-09 20:45:43 --> Class 'App\Controllers\usuario_model' not found
in APPPATH\Controllers\login_controller.php on line 22.
 1 SYSTEMPATH\CodeIgniter.php(915): App\Controllers\Login_controller->auth()
 2 SYSTEMPATH\CodeIgniter.php(492): CodeIgniter\CodeIgniter->runController(Object(App\Controllers\Login_controller))
 3 SYSTEMPATH\CodeIgniter.php(353): CodeIgniter\CodeIgniter->handleRequest(null, Object(Config\Cache), false)
 4 FCPATH\index.php(79): CodeIgniter\CodeIgniter->run()
CRITICAL - 2024-08-09 20:49:49 --> Class 'App\Controllers\usuario_model' not found
in APPPATH\Controllers\login_controller.php on line 22.
 1 SYSTEMPATH\CodeIgniter.php(915): App\Controllers\Login_controller->auth()
 2 SYSTEMPATH\CodeIgniter.php(492): CodeIgniter\CodeIgniter->runController(Object(App\Controllers\Login_controller))
 3 SYSTEMPATH\CodeIgniter.php(353): CodeIgniter\CodeIgniter->handleRequest(null, Object(Config\Cache), false)
 4 FCPATH\index.php(79): CodeIgniter\CodeIgniter->run()
CRITICAL - 2024-08-09 20:52:30 --> Class 'App\Controllers\Usuario_model' not found
in APPPATH\Controllers\login_controller.php on line 22.
 1 SYSTEMPATH\CodeIgniter.php(915): App\Controllers\Login_controller->auth()
 2 SYSTEMPATH\CodeIgniter.php(492): CodeIgniter\CodeIgniter->runController(Object(App\Controllers\Login_controller))
 3 SYSTEMPATH\CodeIgniter.php(353): CodeIgniter\CodeIgniter->handleRequest(null, Object(Config\Cache), false)
 4 FCPATH\index.php(79): CodeIgniter\CodeIgniter->run()
CRITICAL - 2024-08-09 20:53:28 --> Class 'App\Controllers\usuario_model' not found
in APPPATH\Controllers\login_controller.php on line 22.
 1 SYSTEMPATH\CodeIgniter.php(915): App\Controllers\Login_controller->auth()
 2 SYSTEMPATH\CodeIgniter.php(492): CodeIgniter\CodeIgniter->runController(Object(App\Controllers\Login_controller))
 3 SYSTEMPATH\CodeIgniter.php(353): CodeIgniter\CodeIgniter->handleRequest(null, Object(Config\Cache), false)
 4 FCPATH\index.php(79): CodeIgniter\CodeIgniter->run()
